Traceback (most recent call last):
  File "/share/home/tm902089733300000/a903202310/lys/research/hallucination-detection/scripts/train_probe.py", line 35, in <module>
    from src.features.loader import (
  File "/share/home/tm902089733300000/a903202310/lys/research/hallucination-detection/src/features/__init__.py", line 37, in <module>
    from .extractor import (
  File "/share/home/tm902089733300000/a903202310/lys/research/hallucination-detection/src/features/extractor.py", line 35, in <module>
    from src.models import LoadedModel
  File "/share/home/tm902089733300000/a903202310/lys/research/hallucination-detection/src/models/__init__.py", line 3, in <module>
    from .loader import (
  File "/share/home/tm902089733300000/a903202310/lys/research/hallucination-detection/src/models/loader.py", line 27, in <module>
    from transformers import (
  File "<frozen importlib._bootstrap>", line 1412, in _handle_fromlist
  File "/share/home/tm902089733300000/a903202310/lys/conda_envs/lapeigvals/lib/python3.12/site-packages/transformers/utils/import_utils.py", line 1782, in __getattr__
    value = getattr(module, name)
            ^^^^^^^^^^^^^^^^^^^^^
  File "/share/home/tm902089733300000/a903202310/lys/conda_envs/lapeigvals/lib/python3.12/site-packages/transformers/utils/import_utils.py", line 1781, in __getattr__
    module = self._get_module(self._class_to_module[name])
             ^^^^^^^^^^^^^^^^^^^^^^^^^^^^^^^^^^^^^^^^^^^^^
  File "/share/home/tm902089733300000/a903202310/lys/conda_envs/lapeigvals/lib/python3.12/site-packages/transformers/utils/import_utils.py", line 1793, in _get_module
    return importlib.import_module("." + module_name, self.__name__)
           ^^^^^^^^^^^^^^^^^^^^^^^^^^^^^^^^^^^^^^^^^^^^^^^^^^^^^^^^^
  File "/share/home/tm902089733300000/a903202310/lys/conda_envs/lapeigvals/lib/python3.12/importlib/__init__.py", line 90, in import_module
    return _bootstrap._gcd_import(name[level:], package, level)
           ^^^^^^^^^^^^^^^^^^^^^^^^^^^^^^^^^^^^^^^^^^^^^^^^^^^^
  File "/share/home/tm902089733300000/a903202310/lys/conda_envs/lapeigvals/lib/python3.12/site-packages/transformers/models/auto/modeling_auto.py", line 21, in <module>
    from .auto_factory import (
  File "/share/home/tm902089733300000/a903202310/lys/conda_envs/lapeigvals/lib/python3.12/site-packages/transformers/models/auto/auto_factory.py", line 40, in <module>
    from ...generation import GenerationMixin
  File "<frozen importlib._bootstrap>", line 1412, in _handle_fromlist
  File "/share/home/tm902089733300000/a903202310/lys/conda_envs/lapeigvals/lib/python3.12/site-packages/transformers/utils/import_utils.py", line 1781, in __getattr__
    module = self._get_module(self._class_to_module[name])
             ^^^^^^^^^^^^^^^^^^^^^^^^^^^^^^^^^^^^^^^^^^^^^
  File "/share/home/tm902089733300000/a903202310/lys/conda_envs/lapeigvals/lib/python3.12/site-packages/transformers/utils/import_utils.py", line 1793, in _get_module
    return importlib.import_module("." + module_name, self.__name__)
           ^^^^^^^^^^^^^^^^^^^^^^^^^^^^^^^^^^^^^^^^^^^^^^^^^^^^^^^^^
  File "/share/home/tm902089733300000/a903202310/lys/conda_envs/lapeigvals/lib/python3.12/importlib/__init__.py", line 90, in import_module
    return _bootstrap._gcd_import(name[level:], package, level)
           ^^^^^^^^^^^^^^^^^^^^^^^^^^^^^^^^^^^^^^^^^^^^^^^^^^^^
  File "/share/home/tm902089733300000/a903202310/lys/conda_envs/lapeigvals/lib/python3.12/site-packages/transformers/generation/utils.py", line 116, in <module>
    from accelerate.hooks import AlignDevicesHook, add_hook_to_module
  File "/share/home/tm902089733300000/a903202310/lys/conda_envs/lapeigvals/lib/python3.12/site-packages/accelerate/__init__.py", line 16, in <module>
    from .accelerator import Accelerator
  File "/share/home/tm902089733300000/a903202310/lys/conda_envs/lapeigvals/lib/python3.12/site-packages/accelerate/accelerator.py", line 36, in <module>
    from .checkpointing import load_accelerator_state, load_custom_state, save_accelerator_state, save_custom_state
  File "/share/home/tm902089733300000/a903202310/lys/conda_envs/lapeigvals/lib/python3.12/site-packages/accelerate/checkpointing.py", line 24, in <module>
    from .utils import (
  File "/share/home/tm902089733300000/a903202310/lys/conda_envs/lapeigvals/lib/python3.12/site-packages/accelerate/utils/__init__.py", line 203, in <module>
    from .bnb import has_4bit_bnb_layers, load_and_quantize_model
  File "/share/home/tm902089733300000/a903202310/lys/conda_envs/lapeigvals/lib/python3.12/site-packages/accelerate/utils/bnb.py", line 29, in <module>
    from ..big_modeling import dispatch_model, init_empty_weights
  File "/share/home/tm902089733300000/a903202310/lys/conda_envs/lapeigvals/lib/python3.12/site-packages/accelerate/big_modeling.py", line 24, in <module>
  File "/share/home/tm902089733300000/a903202310/lys/conda_envs/lapeigvals/lib/python3.12/site-packages/accelerate/hooks.py", line 31, in <module>
    from .utils.other import recursive_getattr
  File "/share/home/tm902089733300000/a903202310/lys/conda_envs/lapeigvals/lib/python3.12/site-packages/accelerate/utils/other.py", line 29, in <module>
    from ..commands.config.default import write_basic_config  # noqa: F401
    ^^^^^^^^^^^^^^^^^^^^^^^^^^^^^^^^^^^^^^^^^^^^^^^^^^^^^^^^
  File "/share/home/tm902089733300000/a903202310/lys/conda_envs/lapeigvals/lib/python3.12/site-packages/accelerate/commands/config/__init__.py", line 19, in <module>
    from .config import config_command_parser
  File "/share/home/tm902089733300000/a903202310/lys/conda_envs/lapeigvals/lib/python3.12/site-packages/accelerate/commands/config/config.py", line 22, in <module>
    from .cluster import get_cluster_input
  File "/share/home/tm902089733300000/a903202310/lys/conda_envs/lapeigvals/lib/python3.12/site-packages/accelerate/commands/config/cluster.py", line 42, in <module>
    from .config_utils import (
  File "/share/home/tm902089733300000/a903202310/lys/conda_envs/lapeigvals/lib/python3.12/site-packages/accelerate/commands/config/config_utils.py", line 27, in <module>
    from ..menu import BulletMenu
  File "/share/home/tm902089733300000/a903202310/lys/conda_envs/lapeigvals/lib/python3.12/site-packages/accelerate/commands/menu/__init__.py", line 14, in <module>
    from .selection_menu import BulletMenu
  File "/share/home/tm902089733300000/a903202310/lys/conda_envs/lapeigvals/lib/python3.12/site-packages/accelerate/commands/menu/selection_menu.py", line 30, in <module>
    in_colab = _is_package_available("google.colab")
               ^^^^^^^^^^^^^^^^^^^^^^^^^^^^^^^^^^^^^
  File "/share/home/tm902089733300000/a903202310/lys/conda_envs/lapeigvals/lib/python3.12/site-packages/accelerate/utils/imports.py", line 51, in _is_package_available
    package_exists = importlib.util.find_spec(pkg_name) is not None
                     ^^^^^^^^^^^^^^^^^^^^^^^^^^^^^^^^^^
  File "<frozen importlib.util>", line 91, in find_spec
  File "<frozen importlib._bootstrap>", line 1360, in _find_and_load
  File "<frozen importlib._bootstrap>", line 1322, in _find_and_load_unlocked
  File "<frozen importlib._bootstrap>", line 1262, in _find_spec
  File "<frozen importlib._bootstrap_external>", line 1532, in find_spec
  File "<frozen importlib._bootstrap_external>", line 1506, in _get_spec
  File "<frozen importlib._bootstrap_external>", line 1629, in find_spec
  File "<frozen importlib._bootstrap_external>", line 168, in _path_isdir
  File "<frozen importlib._bootstrap_external>", line 153, in _path_is_mode_type
  File "<frozen importlib._bootstrap_external>", line 147, in _path_stat
KeyboardInterrupt
